[     386ms] [INFO] %cDownload the React DevTools for a better development experience: https://reactjs.org/link/react-devtools font-weight:bold @ webpack-internal:///(app-pages-browser)/./node_modules/next/dist/compiled/react-dom/cjs/react-dom.development.js:38559
[ 1470558ms] [LOG] [Fast Refresh] rebuilding @ webpack-internal:///(app-pages-browser)/./node_modules/next/dist/client/components/react-dev-overlay/app/hot-reloader-client.js:186
[ 1474680ms] [WARNING] The resource http://localhost:3000/_next/static/css/app/layout.css?v=1780556404364 was preloaded using link preload but not used within a few seconds from the window's load event. Please make sure it has an appropriate `as` value and it is preloaded intentionally. @ http://localhost:3000/apparel/quarter-zip-training-top:0
[ 1482166ms] [LOG] [Fast Refresh] rebuilding @ webpack-internal:///(app-pages-browser)/./node_modules/next/dist/client/components/react-dev-overlay/app/hot-reloader-client.js:186
[ 1482577ms] [LOG] [Fast Refresh] done in 411ms @ webpack-internal:///(app-pages-browser)/./node_modules/next/dist/client/components/react-dev-overlay/app/hot-reloader-client.js:43
[ 1485583ms] [WARNING] The resource http://localhost:3000/_next/static/css/app/layout.css?v=1780556404364 was preloaded using link preload but not used within a few seconds from the window's load event. Please make sure it has an appropriate `as` value and it is preloaded intentionally. @ http://localhost:3000/apparel/quarter-zip-training-top:0
[ 1492053ms] [LOG] [Fast Refresh] rebuilding @ webpack-internal:///(app-pages-browser)/./node_modules/next/dist/client/components/react-dev-overlay/app/hot-reloader-client.js:186
[ 1492161ms] [LOG] [Fast Refresh] done in 107ms @ webpack-internal:///(app-pages-browser)/./node_modules/next/dist/client/components/react-dev-overlay/app/hot-reloader-client.js:43
[ 1495335ms] [WARNING] The resource http://localhost:3000/_next/static/css/app/layout.css?v=1780556404364 was preloaded using link preload but not used within a few seconds from the window's load event. Please make sure it has an appropriate `as` value and it is preloaded intentionally. @ http://localhost:3000/apparel/quarter-zip-training-top:0
[ 2700281ms] [LOG] [Fast Refresh] rebuilding @ webpack-internal:///(app-pages-browser)/./node_modules/next/dist/client/components/react-dev-overlay/app/hot-reloader-client.js:186
[ 2700581ms] [LOG] [Fast Refresh] done in 300ms @ webpack-internal:///(app-pages-browser)/./node_modules/next/dist/client/components/react-dev-overlay/app/hot-reloader-client.js:43
[ 2703591ms] [WARNING] The resource http://localhost:3000/_next/static/css/app/layout.css?v=1780556404364 was preloaded using link preload but not used within a few seconds from the window's load event. Please make sure it has an appropriate `as` value and it is preloaded intentionally. @ http://localhost:3000/apparel/quarter-zip-training-top:0
[ 2704931ms] [LOG] [Fast Refresh] rebuilding @ webpack-internal:///(app-pages-browser)/./node_modules/next/dist/client/components/react-dev-overlay/app/hot-reloader-client.js:186
[ 2705021ms] [LOG] [Fast Refresh] done in 91ms @ webpack-internal:///(app-pages-browser)/./node_modules/next/dist/client/components/react-dev-overlay/app/hot-reloader-client.js:43
[ 2708024ms] [WARNING] The resource http://localhost:3000/_next/static/css/app/layout.css?v=1780556404364 was preloaded using link preload but not used within a few seconds from the window's load event. Please make sure it has an appropriate `as` value and it is preloaded intentionally. @ http://localhost:3000/apparel/quarter-zip-training-top:0
[ 2864538ms] [LOG] [Fast Refresh] rebuilding @ webpack-internal:///(app-pages-browser)/./node_modules/next/dist/client/components/react-dev-overlay/app/hot-reloader-client.js:186
[ 2864682ms] [LOG] [Fast Refresh] done in 144ms @ webpack-internal:///(app-pages-browser)/./node_modules/next/dist/client/components/react-dev-overlay/app/hot-reloader-client.js:43
[ 2867686ms] [WARNING] The resource http://localhost:3000/_next/static/css/app/layout.css?v=1780556404364 was preloaded using link preload but not used within a few seconds from the window's load event. Please make sure it has an appropriate `as` value and it is preloaded intentionally. @ http://localhost:3000/apparel/quarter-zip-training-top:0
[ 2868557ms] [LOG] [Fast Refresh] rebuilding @ webpack-internal:///(app-pages-browser)/./node_modules/next/dist/client/components/react-dev-overlay/app/hot-reloader-client.js:186
[ 2868669ms] [LOG] [Fast Refresh] done in 112ms @ webpack-internal:///(app-pages-browser)/./node_modules/next/dist/client/components/react-dev-overlay/app/hot-reloader-client.js:43
[ 2871670ms] [WARNING] The resource http://localhost:3000/_next/static/css/app/layout.css?v=1780556404364 was preloaded using link preload but not used within a few seconds from the window's load event. Please make sure it has an appropriate `as` value and it is preloaded intentionally. @ http://localhost:3000/apparel/quarter-zip-training-top:0
[ 2875254ms] [LOG] [Fast Refresh] rebuilding @ webpack-internal:///(app-pages-browser)/./node_modules/next/dist/client/components/react-dev-overlay/app/hot-reloader-client.js:186
[ 2875357ms] [LOG] [Fast Refresh] done in 103ms @ webpack-internal:///(app-pages-browser)/./node_modules/next/dist/client/components/react-dev-overlay/app/hot-reloader-client.js:43
[ 2878369ms] [WARNING] The resource http://localhost:3000/_next/static/css/app/layout.css?v=1780556404364 was preloaded using link preload but not used within a few seconds from the window's load event. Please make sure it has an appropriate `as` value and it is preloaded intentionally. @ http://localhost:3000/apparel/quarter-zip-training-top:0
[ 2883884ms] [LOG] [Fast Refresh] rebuilding @ webpack-internal:///(app-pages-browser)/./node_modules/next/dist/client/components/react-dev-overlay/app/hot-reloader-client.js:186
[ 2883995ms] [LOG] [Fast Refresh] done in 111ms @ webpack-internal:///(app-pages-browser)/./node_modules/next/dist/client/components/react-dev-overlay/app/hot-reloader-client.js:43
[ 2886999ms] [WARNING] The resource http://localhost:3000/_next/static/css/app/layout.css?v=1780556404364 was preloaded using link preload but not used within a few seconds from the window's load event. Please make sure it has an appropriate `as` value and it is preloaded intentionally. @ http://localhost:3000/apparel/quarter-zip-training-top:0
[ 2907659ms] [LOG] [Fast Refresh] rebuilding @ webpack-internal:///(app-pages-browser)/./node_modules/next/dist/client/components/react-dev-overlay/app/hot-reloader-client.js:186
[ 2907780ms] [LOG] [Fast Refresh] done in 122ms @ webpack-internal:///(app-pages-browser)/./node_modules/next/dist/client/components/react-dev-overlay/app/hot-reloader-client.js:43
[ 2911719ms] [WARNING] The resource http://localhost:3000/_next/static/css/app/layout.css?v=1780556404364 was preloaded using link preload but not used within a few seconds from the window's load event. Please make sure it has an appropriate `as` value and it is preloaded intentionally. @ http://localhost:3000/apparel/quarter-zip-training-top:0
[ 2913322ms] [LOG] [Fast Refresh] rebuilding @ webpack-internal:///(app-pages-browser)/./node_modules/next/dist/client/components/react-dev-overlay/app/hot-reloader-client.js:186
[ 2913636ms] [LOG] [Fast Refresh] done in 314ms @ webpack-internal:///(app-pages-browser)/./node_modules/next/dist/client/components/react-dev-overlay/app/hot-reloader-client.js:43
[ 2916649ms] [WARNING] The resource http://localhost:3000/_next/static/css/app/layout.css?v=1780556404364 was preloaded using link preload but not used within a few seconds from the window's load event. Please make sure it has an appropriate `as` value and it is preloaded intentionally. @ http://localhost:3000/apparel/quarter-zip-training-top:0
[ 2920078ms] [LOG] [Fast Refresh] rebuilding @ webpack-internal:///(app-pages-browser)/./node_modules/next/dist/client/components/react-dev-overlay/app/hot-reloader-client.js:186
[ 2920304ms] [LOG] [Fast Refresh] done in 227ms @ webpack-internal:///(app-pages-browser)/./node_modules/next/dist/client/components/react-dev-overlay/app/hot-reloader-client.js:43
[ 2923313ms] [WARNING] The resource http://localhost:3000/_next/static/css/app/layout.css?v=1780556404364 was preloaded using link preload but not used within a few seconds from the window's load event. Please make sure it has an appropriate `as` value and it is preloaded intentionally. @ http://localhost:3000/apparel/quarter-zip-training-top:0
[ 2927132ms] [LOG] [Fast Refresh] rebuilding @ webpack-internal:///(app-pages-browser)/./node_modules/next/dist/client/components/react-dev-overlay/app/hot-reloader-client.js:186
[ 2927355ms] [LOG] [Fast Refresh] done in 222ms @ webpack-internal:///(app-pages-browser)/./node_modules/next/dist/client/components/react-dev-overlay/app/hot-reloader-client.js:43
[ 2930371ms] [WARNING] The resource http://localhost:3000/_next/static/css/app/layout.css?v=1780556404364 was preloaded using link preload but not used within a few seconds from the window's load event. Please make sure it has an appropriate `as` value and it is preloaded intentionally. @ http://localhost:3000/apparel/quarter-zip-training-top:0
[ 2932076ms] [LOG] [Fast Refresh] rebuilding @ webpack-internal:///(app-pages-browser)/./node_modules/next/dist/client/components/react-dev-overlay/app/hot-reloader-client.js:186
[ 2932289ms] [LOG] [Fast Refresh] done in 214ms @ webpack-internal:///(app-pages-browser)/./node_modules/next/dist/client/components/react-dev-overlay/app/hot-reloader-client.js:43
[ 2935298ms] [WARNING] The resource http://localhost:3000/_next/static/css/app/layout.css?v=1780556404364 was preloaded using link preload but not used within a few seconds from the window's load event. Please make sure it has an appropriate `as` value and it is preloaded intentionally. @ http://localhost:3000/apparel/quarter-zip-training-top:0
[ 2938988ms] [LOG] [Fast Refresh] rebuilding @ webpack-internal:///(app-pages-browser)/./node_modules/next/dist/client/components/react-dev-overlay/app/hot-reloader-client.js:186
[ 2939297ms] [LOG] [Fast Refresh] done in 310ms @ webpack-internal:///(app-pages-browser)/./node_modules/next/dist/client/components/react-dev-overlay/app/hot-reloader-client.js:43
[ 2942302ms] [WARNING] The resource http://localhost:3000/_next/static/css/app/layout.css?v=1780556404364 was preloaded using link preload but not used within a few seconds from the window's load event. Please make sure it has an appropriate `as` value and it is preloaded intentionally. @ http://localhost:3000/apparel/quarter-zip-training-top:0
[ 2945029ms] [LOG] [Fast Refresh] rebuilding @ webpack-internal:///(app-pages-browser)/./node_modules/next/dist/client/components/react-dev-overlay/app/hot-reloader-client.js:186
[ 2945247ms] [LOG] [Fast Refresh] done in 219ms @ webpack-internal:///(app-pages-browser)/./node_modules/next/dist/client/components/react-dev-overlay/app/hot-reloader-client.js:43
[ 2948252ms] [WARNING] The resource http://localhost:3000/_next/static/css/app/layout.css?v=1780556404364 was preloaded using link preload but not used within a few seconds from the window's load event. Please make sure it has an appropriate `as` value and it is preloaded intentionally. @ http://localhost:3000/apparel/quarter-zip-training-top:0
[ 2954441ms] [LOG] [Fast Refresh] rebuilding @ webpack-internal:///(app-pages-browser)/./node_modules/next/dist/client/components/react-dev-overlay/app/hot-reloader-client.js:186
[ 2954586ms] [LOG] [Fast Refresh] done in 145ms @ webpack-internal:///(app-pages-browser)/./node_modules/next/dist/client/components/react-dev-overlay/app/hot-reloader-client.js:43
[ 2957599ms] [WARNING] The resource http://localhost:3000/_next/static/css/app/layout.css?v=1780556404364 was preloaded using link preload but not used within a few seconds from the window's load event. Please make sure it has an appropriate `as` value and it is preloaded intentionally. @ http://localhost:3000/apparel/quarter-zip-training-top:0
[ 2967847ms] [LOG] [Fast Refresh] rebuilding @ webpack-internal:///(app-pages-browser)/./node_modules/next/dist/client/components/react-dev-overlay/app/hot-reloader-client.js:186
[ 2968160ms] [LOG] [Fast Refresh] done in 314ms @ webpack-internal:///(app-pages-browser)/./node_modules/next/dist/client/components/react-dev-overlay/app/hot-reloader-client.js:43
[ 2971390ms] [WARNING] The resource http://localhost:3000/_next/static/css/app/layout.css?v=1780556404364 was preloaded using link preload but not used within a few seconds from the window's load event. Please make sure it has an appropriate `as` value and it is preloaded intentionally. @ http://localhost:3000/apparel/quarter-zip-training-top:0
[ 2974183ms] [LOG] [Fast Refresh] rebuilding @ webpack-internal:///(app-pages-browser)/./node_modules/next/dist/client/components/react-dev-overlay/app/hot-reloader-client.js:186
[ 2974930ms] [LOG] [Fast Refresh] done in 747ms @ webpack-internal:///(app-pages-browser)/./node_modules/next/dist/client/components/react-dev-overlay/app/hot-reloader-client.js:43
[ 2977932ms] [WARNING] The resource http://localhost:3000/_next/static/css/app/layout.css?v=1780556404364 was preloaded using link preload but not used within a few seconds from the window's load event. Please make sure it has an appropriate `as` value and it is preloaded intentionally. @ http://localhost:3000/apparel/quarter-zip-training-top:0
[ 2979833ms] [LOG] [Fast Refresh] rebuilding @ webpack-internal:///(app-pages-browser)/./node_modules/next/dist/client/components/react-dev-overlay/app/hot-reloader-client.js:186
[ 2980018ms] [LOG] [Fast Refresh] done in 184ms @ webpack-internal:///(app-pages-browser)/./node_modules/next/dist/client/components/react-dev-overlay/app/hot-reloader-client.js:43
[ 2983021ms] [WARNING] The resource http://localhost:3000/_next/static/css/app/layout.css?v=1780556404364 was preloaded using link preload but not used within a few seconds from the window's load event. Please make sure it has an appropriate `as` value and it is preloaded intentionally. @ http://localhost:3000/apparel/quarter-zip-training-top:0
[ 2994507ms] [LOG] [Fast Refresh] rebuilding @ webpack-internal:///(app-pages-browser)/./node_modules/next/dist/client/components/react-dev-overlay/app/hot-reloader-client.js:186
[ 2995014ms] [LOG] [Fast Refresh] done in 507ms @ webpack-internal:///(app-pages-browser)/./node_modules/next/dist/client/components/react-dev-overlay/app/hot-reloader-client.js:43
[ 2995066ms] [LOG] [HMR] Detected local css modules. Reload all css @ webpack-internal:///(app-pages-browser)/./node_modules/next/dist/compiled/mini-css-extract-plugin/hmr/hotModuleReplacement.js:1
[ 2998718ms] [WARNING] The resource http://localhost:3000/_next/static/css/app/layout.css?1780557928801 was preloaded using link preload but not used within a few seconds from the window's load event. Please make sure it has an appropriate `as` value and it is preloaded intentionally. @ http://localhost:3000/apparel/quarter-zip-training-top:0
[ 2998718ms] [WARNING] The resource http://localhost:3000/_next/static/css/app/apparel/%5Bslug%5D/page.css?1780557928801 was preloaded using link preload but not used within a few seconds from the window's load event. Please make sure it has an appropriate `as` value and it is preloaded intentionally. @ http://localhost:3000/apparel/quarter-zip-training-top:0
[ 2998718ms] [WARNING] The resource http://localhost:3000/_next/static/css/app/layout.css?v=1780556404364 was preloaded using link preload but not used within a few seconds from the window's load event. Please make sure it has an appropriate `as` value and it is preloaded intentionally. @ http://localhost:3000/apparel/quarter-zip-training-top:0
[ 3020008ms] [LOG] [Fast Refresh] rebuilding @ webpack-internal:///(app-pages-browser)/./node_modules/next/dist/client/components/react-dev-overlay/app/hot-reloader-client.js:186
[ 3023349ms] [WARNING] The resource http://localhost:3000/_next/static/css/app/layout.css?1780557928801 was preloaded using link preload but not used within a few seconds from the window's load event. Please make sure it has an appropriate `as` value and it is preloaded intentionally. @ http://localhost:3000/apparel/quarter-zip-training-top:0
[ 3023349ms] [WARNING] The resource http://localhost:3000/_next/static/css/app/apparel/%5Bslug%5D/page.css?1780557928801 was preloaded using link preload but not used within a few seconds from the window's load event. Please make sure it has an appropriate `as` value and it is preloaded intentionally. @ http://localhost:3000/apparel/quarter-zip-training-top:0
[ 3023349ms] [WARNING] The resource http://localhost:3000/_next/static/css/app/layout.css?v=1780556404364 was preloaded using link preload but not used within a few seconds from the window's load event. Please make sure it has an appropriate `as` value and it is preloaded intentionally. @ http://localhost:3000/apparel/quarter-zip-training-top:0
[ 3075593ms] [LOG] [Fast Refresh] rebuilding @ webpack-internal:///(app-pages-browser)/./node_modules/next/dist/client/components/react-dev-overlay/app/hot-reloader-client.js:186
[ 3075927ms] [LOG] [Fast Refresh] done in 334ms @ webpack-internal:///(app-pages-browser)/./node_modules/next/dist/client/components/react-dev-overlay/app/hot-reloader-client.js:43
[ 3078933ms] [WARNING] The resource http://localhost:3000/_next/static/css/app/layout.css?1780557928801 was preloaded using link preload but not used within a few seconds from the window's load event. Please make sure it has an appropriate `as` value and it is preloaded intentionally. @ http://localhost:3000/apparel/quarter-zip-training-top:0
[ 3078933ms] [WARNING] The resource http://localhost:3000/_next/static/css/app/apparel/%5Bslug%5D/page.css?1780557928801 was preloaded using link preload but not used within a few seconds from the window's load event. Please make sure it has an appropriate `as` value and it is preloaded intentionally. @ http://localhost:3000/apparel/quarter-zip-training-top:0
[ 3078933ms] [WARNING] The resource http://localhost:3000/_next/static/css/app/layout.css?v=1780556404364 was preloaded using link preload but not used within a few seconds from the window's load event. Please make sure it has an appropriate `as` value and it is preloaded intentionally. @ http://localhost:3000/apparel/quarter-zip-training-top:0
[ 3082820ms] [LOG] [Fast Refresh] rebuilding @ webpack-internal:///(app-pages-browser)/./node_modules/next/dist/client/components/react-dev-overlay/app/hot-reloader-client.js:186
[ 3083196ms] [LOG] [Fast Refresh] done in 377ms @ webpack-internal:///(app-pages-browser)/./node_modules/next/dist/client/components/react-dev-overlay/app/hot-reloader-client.js:43
[ 3086799ms] [WARNING] The resource http://localhost:3000/_next/static/css/app/layout.css?1780557928801 was preloaded using link preload but not used within a few seconds from the window's load event. Please make sure it has an appropriate `as` value and it is preloaded intentionally. @ http://localhost:3000/apparel/quarter-zip-training-top:0
[ 3086799ms] [WARNING] The resource http://localhost:3000/_next/static/css/app/apparel/%5Bslug%5D/page.css?1780557928801 was preloaded using link preload but not used within a few seconds from the window's load event. Please make sure it has an appropriate `as` value and it is preloaded intentionally. @ http://localhost:3000/apparel/quarter-zip-training-top:0
[ 3086799ms] [WARNING] The resource http://localhost:3000/_next/static/css/app/layout.css?v=1780556404364 was preloaded using link preload but not used within a few seconds from the window's load event. Please make sure it has an appropriate `as` value and it is preloaded intentionally. @ http://localhost:3000/apparel/quarter-zip-training-top:0
[ 3093899ms] [LOG] [Fast Refresh] rebuilding @ webpack-internal:///(app-pages-browser)/./node_modules/next/dist/client/components/react-dev-overlay/app/hot-reloader-client.js:186
[ 3094345ms] [LOG] [Fast Refresh] done in 445ms @ webpack-internal:///(app-pages-browser)/./node_modules/next/dist/client/components/react-dev-overlay/app/hot-reloader-client.js:43
[ 3097347ms] [WARNING] The resource http://localhost:3000/_next/static/css/app/layout.css?1780557928801 was preloaded using link preload but not used within a few seconds from the window's load event. Please make sure it has an appropriate `as` value and it is preloaded intentionally. @ http://localhost:3000/apparel/quarter-zip-training-top:0
[ 3097348ms] [WARNING] The resource http://localhost:3000/_next/static/css/app/apparel/%5Bslug%5D/page.css?1780557928801 was preloaded using link preload but not used within a few seconds from the window's load event. Please make sure it has an appropriate `as` value and it is preloaded intentionally. @ http://localhost:3000/apparel/quarter-zip-training-top:0
[ 3097348ms] [WARNING] The resource http://localhost:3000/_next/static/css/app/layout.css?v=1780556404364 was preloaded using link preload but not used within a few seconds from the window's load event. Please make sure it has an appropriate `as` value and it is preloaded intentionally. @ http://localhost:3000/apparel/quarter-zip-training-top:0
[ 3100044ms] [LOG] [Fast Refresh] rebuilding @ webpack-internal:///(app-pages-browser)/./node_modules/next/dist/client/components/react-dev-overlay/app/hot-reloader-client.js:186
[ 3100569ms] [LOG] [Fast Refresh] done in 525ms @ webpack-internal:///(app-pages-browser)/./node_modules/next/dist/client/components/react-dev-overlay/app/hot-reloader-client.js:43
[ 3103575ms] [WARNING] The resource http://localhost:3000/_next/static/css/app/layout.css?1780557928801 was preloaded using link preload but not used within a few seconds from the window's load event. Please make sure it has an appropriate `as` value and it is preloaded intentionally. @ http://localhost:3000/apparel/quarter-zip-training-top:0
[ 3103575ms] [WARNING] The resource http://localhost:3000/_next/static/css/app/apparel/%5Bslug%5D/page.css?1780557928801 was preloaded using link preload but not used within a few seconds from the window's load event. Please make sure it has an appropriate `as` value and it is preloaded intentionally. @ http://localhost:3000/apparel/quarter-zip-training-top:0
[ 3103575ms] [WARNING] The resource http://localhost:3000/_next/static/css/app/layout.css?v=1780556404364 was preloaded using link preload but not used within a few seconds from the window's load event. Please make sure it has an appropriate `as` value and it is preloaded intentionally. @ http://localhost:3000/apparel/quarter-zip-training-top:0
[ 3108132ms] [LOG] [Fast Refresh] rebuilding @ webpack-internal:///(app-pages-browser)/./node_modules/next/dist/client/components/react-dev-overlay/app/hot-reloader-client.js:186
[ 3108557ms] [LOG] [Fast Refresh] done in 425ms @ webpack-internal:///(app-pages-browser)/./node_modules/next/dist/client/components/react-dev-overlay/app/hot-reloader-client.js:43
[ 3108608ms] [LOG] [HMR] Detected local css modules. Reload all css @ webpack-internal:///(app-pages-browser)/./node_modules/next/dist/compiled/mini-css-extract-plugin/hmr/hotModuleReplacement.js:1
[ 3111682ms] [WARNING] The resource http://localhost:3000/_next/static/css/app/layout.css?1780557928801 was preloaded using link preload but not used within a few seconds from the window's load event. Please make sure it has an appropriate `as` value and it is preloaded intentionally. @ http://localhost:3000/apparel/quarter-zip-training-top:0
[ 3111682ms] [WARNING] The resource http://localhost:3000/_next/static/css/app/layout.css?1780558042343 was preloaded using link preload but not used within a few seconds from the window's load event. Please make sure it has an appropriate `as` value and it is preloaded intentionally. @ http://localhost:3000/apparel/quarter-zip-training-top:0
[ 3111683ms] [WARNING] The resource http://localhost:3000/_next/static/css/app/apparel/%5Bslug%5D/page.css?1780557928801 was preloaded using link preload but not used within a few seconds from the window's load event. Please make sure it has an appropriate `as` value and it is preloaded intentionally. @ http://localhost:3000/apparel/quarter-zip-training-top:0
[ 3111683ms] [WARNING] The resource http://localhost:3000/_next/static/css/app/layout.css?v=1780556404364 was preloaded using link preload but not used within a few seconds from the window's load event. Please make sure it has an appropriate `as` value and it is preloaded intentionally. @ http://localhost:3000/apparel/quarter-zip-training-top:0
[ 3111683ms] [WARNING] The resource http://localhost:3000/_next/static/css/app/apparel/%5Bslug%5D/page.css?1780558042343 was preloaded using link preload but not used within a few seconds from the window's load event. Please make sure it has an appropriate `as` value and it is preloaded intentionally. @ http://localhost:3000/apparel/quarter-zip-training-top:0
[ 3175332ms] [LOG] [Fast Refresh] rebuilding @ webpack-internal:///(app-pages-browser)/./node_modules/next/dist/client/components/react-dev-overlay/app/hot-reloader-client.js:186
[ 3179080ms] [WARNING] The resource http://localhost:3000/_next/static/css/app/layout.css?1780558042343 was preloaded using link preload but not used within a few seconds from the window's load event. Please make sure it has an appropriate `as` value and it is preloaded intentionally. @ http://localhost:3000/apparel/quarter-zip-training-top:0
[ 3179080ms] [WARNING] The resource http://localhost:3000/_next/static/css/app/layout.css?1780557928801 was preloaded using link preload but not used within a few seconds from the window's load event. Please make sure it has an appropriate `as` value and it is preloaded intentionally. @ http://localhost:3000/apparel/quarter-zip-training-top:0
[ 3179080ms] [WARNING] The resource http://localhost:3000/_next/static/css/app/layout.css?v=1780558109118 was preloaded using link preload but not used within a few seconds from the window's load event. Please make sure it has an appropriate `as` value and it is preloaded intentionally. @ http://localhost:3000/apparel/quarter-zip-training-top:0
[ 3179080ms] [WARNING] The resource http://localhost:3000/_next/static/css/app/apparel/%5Bslug%5D/page.css?1780557928801 was preloaded using link preload but not used within a few seconds from the window's load event. Please make sure it has an appropriate `as` value and it is preloaded intentionally. @ http://localhost:3000/apparel/quarter-zip-training-top:0
[ 3179080ms] [WARNING] The resource http://localhost:3000/_next/static/css/app/layout.css?v=1780556404364 was preloaded using link preload but not used within a few seconds from the window's load event. Please make sure it has an appropriate `as` value and it is preloaded intentionally. @ http://localhost:3000/apparel/quarter-zip-training-top:0
[ 3179080ms] [WARNING] The resource http://localhost:3000/_next/static/css/app/apparel/%5Bslug%5D/page.css?1780558042343 was preloaded using link preload but not used within a few seconds from the window's load event. Please make sure it has an appropriate `as` value and it is preloaded intentionally. @ http://localhost:3000/apparel/quarter-zip-training-top:0
[ 3572480ms] [LOG] [Fast Refresh] rebuilding @ webpack-internal:///(app-pages-browser)/./node_modules/next/dist/client/components/react-dev-overlay/app/hot-reloader-client.js:186
[ 3572663ms] [LOG] [Fast Refresh] done in 182ms @ webpack-internal:///(app-pages-browser)/./node_modules/next/dist/client/components/react-dev-overlay/app/hot-reloader-client.js:43
[ 3575668ms] [WARNING] The resource http://localhost:3000/_next/static/css/app/layout.css?1780558042343 was preloaded using link preload but not used within a few seconds from the window's load event. Please make sure it has an appropriate `as` value and it is preloaded intentionally. @ http://localhost:3000/apparel/quarter-zip-training-top:0
[ 3575668ms] [WARNING] The resource http://localhost:3000/_next/static/css/app/layout.css?1780557928801 was preloaded using link preload but not used within a few seconds from the window's load event. Please make sure it has an appropriate `as` value and it is preloaded intentionally. @ http://localhost:3000/apparel/quarter-zip-training-top:0
[ 3575668ms] [WARNING] The resource http://localhost:3000/_next/static/css/app/layout.css?v=1780558109118 was preloaded using link preload but not used within a few seconds from the window's load event. Please make sure it has an appropriate `as` value and it is preloaded intentionally. @ http://localhost:3000/apparel/quarter-zip-training-top:0
[ 3575668ms] [WARNING] The resource http://localhost:3000/_next/static/css/app/apparel/%5Bslug%5D/page.css?1780557928801 was preloaded using link preload but not used within a few seconds from the window's load event. Please make sure it has an appropriate `as` value and it is preloaded intentionally. @ http://localhost:3000/apparel/quarter-zip-training-top:0
[ 3575668ms] [WARNING] The resource http://localhost:3000/_next/static/css/app/layout.css?v=1780556404364 was preloaded using link preload but not used within a few seconds from the window's load event. Please make sure it has an appropriate `as` value and it is preloaded intentionally. @ http://localhost:3000/apparel/quarter-zip-training-top:0
[ 3575668ms] [WARNING] The resource http://localhost:3000/_next/static/css/app/apparel/%5Bslug%5D/page.css?1780558042343 was preloaded using link preload but not used within a few seconds from the window's load event. Please make sure it has an appropriate `as` value and it is preloaded intentionally. @ http://localhost:3000/apparel/quarter-zip-training-top:0
[ 3584263ms] [LOG] [Fast Refresh] rebuilding @ webpack-internal:///(app-pages-browser)/./node_modules/next/dist/client/components/react-dev-overlay/app/hot-reloader-client.js:186
[ 3584425ms] [LOG] [Fast Refresh] done in 161ms @ webpack-internal:///(app-pages-browser)/./node_modules/next/dist/client/components/react-dev-overlay/app/hot-reloader-client.js:43
[ 3587436ms] [WARNING] The resource http://localhost:3000/_next/static/css/app/layout.css?1780558042343 was preloaded using link preload but not used within a few seconds from the window's load event. Please make sure it has an appropriate `as` value and it is preloaded intentionally. @ http://localhost:3000/apparel/quarter-zip-training-top:0
[ 3587436ms] [WARNING] The resource http://localhost:3000/_next/static/css/app/layout.css?1780557928801 was preloaded using link preload but not used within a few seconds from the window's load event. Please make sure it has an appropriate `as` value and it is preloaded intentionally. @ http://localhost:3000/apparel/quarter-zip-training-top:0
[ 3587436ms] [WARNING] The resource http://localhost:3000/_next/static/css/app/layout.css?v=1780558109118 was preloaded using link preload but not used within a few seconds from the window's load event. Please make sure it has an appropriate `as` value and it is preloaded intentionally. @ http://localhost:3000/apparel/quarter-zip-training-top:0
[ 3587436ms] [WARNING] The resource http://localhost:3000/_next/static/css/app/apparel/%5Bslug%5D/page.css?1780557928801 was preloaded using link preload but not used within a few seconds from the window's load event. Please make sure it has an appropriate `as` value and it is preloaded intentionally. @ http://localhost:3000/apparel/quarter-zip-training-top:0
[ 3587436ms] [WARNING] The resource http://localhost:3000/_next/static/css/app/layout.css?v=1780556404364 was preloaded using link preload but not used within a few seconds from the window's load event. Please make sure it has an appropriate `as` value and it is preloaded intentionally. @ http://localhost:3000/apparel/quarter-zip-training-top:0
[ 3587436ms] [WARNING] The resource http://localhost:3000/_next/static/css/app/apparel/%5Bslug%5D/page.css?1780558042343 was preloaded using link preload but not used within a few seconds from the window's load event. Please make sure it has an appropriate `as` value and it is preloaded intentionally. @ http://localhost:3000/apparel/quarter-zip-training-top:0
[ 3595823ms] [LOG] [Fast Refresh] rebuilding @ webpack-internal:///(app-pages-browser)/./node_modules/next/dist/client/components/react-dev-overlay/app/hot-reloader-client.js:186
[ 3595921ms] [LOG] [Fast Refresh] done in 98ms @ webpack-internal:///(app-pages-browser)/./node_modules/next/dist/client/components/react-dev-overlay/app/hot-reloader-client.js:43
[ 3598923ms] [WARNING] The resource http://localhost:3000/_next/static/css/app/layout.css?1780558042343 was preloaded using link preload but not used within a few seconds from the window's load event. Please make sure it has an appropriate `as` value and it is preloaded intentionally. @ http://localhost:3000/apparel/quarter-zip-training-top:0
[ 3598923ms] [WARNING] The resource http://localhost:3000/_next/static/css/app/layout.css?1780557928801 was preloaded using link preload but not used within a few seconds from the window's load event. Please make sure it has an appropriate `as` value and it is preloaded intentionally. @ http://localhost:3000/apparel/quarter-zip-training-top:0
[ 3598923ms] [WARNING] The resource http://localhost:3000/_next/static/css/app/layout.css?v=1780558109118 was preloaded using link preload but not used within a few seconds from the window's load event. Please make sure it has an appropriate `as` value and it is preloaded intentionally. @ http://localhost:3000/apparel/quarter-zip-training-top:0
[ 3598923ms] [WARNING] The resource http://localhost:3000/_next/static/css/app/apparel/%5Bslug%5D/page.css?1780557928801 was preloaded using link preload but not used within a few seconds from the window's load event. Please make sure it has an appropriate `as` value and it is preloaded intentionally. @ http://localhost:3000/apparel/quarter-zip-training-top:0
[ 3598923ms] [WARNING] The resource http://localhost:3000/_next/static/css/app/layout.css?v=1780556404364 was preloaded using link preload but not used within a few seconds from the window's load event. Please make sure it has an appropriate `as` value and it is preloaded intentionally. @ http://localhost:3000/apparel/quarter-zip-training-top:0
[ 3598923ms] [WARNING] The resource http://localhost:3000/_next/static/css/app/apparel/%5Bslug%5D/page.css?1780558042343 was preloaded using link preload but not used within a few seconds from the window's load event. Please make sure it has an appropriate `as` value and it is preloaded intentionally. @ http://localhost:3000/apparel/quarter-zip-training-top:0
[ 3615563ms] [LOG] [Fast Refresh] rebuilding @ webpack-internal:///(app-pages-browser)/./node_modules/next/dist/client/components/react-dev-overlay/app/hot-reloader-client.js:186
[ 3615716ms] [LOG] [Fast Refresh] done in 153ms @ webpack-internal:///(app-pages-browser)/./node_modules/next/dist/client/components/react-dev-overlay/app/hot-reloader-client.js:43
[ 3618994ms] [WARNING] The resource http://localhost:3000/_next/static/css/app/layout.css?1780558042343 was preloaded using link preload but not used within a few seconds from the window's load event. Please make sure it has an appropriate `as` value and it is preloaded intentionally. @ http://localhost:3000/apparel/quarter-zip-training-top:0
[ 3618994ms] [WARNING] The resource http://localhost:3000/_next/static/css/app/layout.css?1780557928801 was preloaded using link preload but not used within a few seconds from the window's load event. Please make sure it has an appropriate `as` value and it is preloaded intentionally. @ http://localhost:3000/apparel/quarter-zip-training-top:0
[ 3618994ms] [WARNING] The resource http://localhost:3000/_next/static/css/app/layout.css?v=1780558109118 was preloaded using link preload but not used within a few seconds from the window's load event. Please make sure it has an appropriate `as` value and it is preloaded intentionally. @ http://localhost:3000/apparel/quarter-zip-training-top:0
[ 3618994ms] [WARNING] The resource http://localhost:3000/_next/static/css/app/apparel/%5Bslug%5D/page.css?1780557928801 was preloaded using link preload but not used within a few seconds from the window's load event. Please make sure it has an appropriate `as` value and it is preloaded intentionally. @ http://localhost:3000/apparel/quarter-zip-training-top:0
[ 3618994ms] [WARNING] The resource http://localhost:3000/_next/static/css/app/layout.css?v=1780556404364 was preloaded using link preload but not used within a few seconds from the window's load event. Please make sure it has an appropriate `as` value and it is preloaded intentionally. @ http://localhost:3000/apparel/quarter-zip-training-top:0
[ 3618994ms] [WARNING] The resource http://localhost:3000/_next/static/css/app/apparel/%5Bslug%5D/page.css?1780558042343 was preloaded using link preload but not used within a few seconds from the window's load event. Please make sure it has an appropriate `as` value and it is preloaded intentionally. @ http://localhost:3000/apparel/quarter-zip-training-top:0
[ 3669893ms] [WARNING] The resource http://localhost:3000/_next/static/css/app/layout.css?1780558042343 was preloaded using link preload but not used within a few seconds from the window's load event. Please make sure it has an appropriate `as` value and it is preloaded intentionally. @ http://localhost:3000/apparel/quarter-zip-training-top:0
[ 3669893ms] [WARNING] The resource http://localhost:3000/_next/static/css/app/layout.css?1780557928801 was preloaded using link preload but not used within a few seconds from the window's load event. Please make sure it has an appropriate `as` value and it is preloaded intentionally. @ http://localhost:3000/apparel/quarter-zip-training-top:0
[ 3669893ms] [WARNING] The resource http://localhost:3000/_next/static/css/app/layout.css?v=1780558109118 was preloaded using link preload but not used within a few seconds from the window's load event. Please make sure it has an appropriate `as` value and it is preloaded intentionally. @ http://localhost:3000/apparel/quarter-zip-training-top:0
[ 3669893ms] [WARNING] The resource http://localhost:3000/_next/static/css/app/apparel/%5Bslug%5D/page.css?1780557928801 was preloaded using link preload but not used within a few seconds from the window's load event. Please make sure it has an appropriate `as` value and it is preloaded intentionally. @ http://localhost:3000/apparel/quarter-zip-training-top:0
[ 3669893ms] [WARNING] The resource http://localhost:3000/_next/static/css/app/layout.css?v=1780556404364 was preloaded using link preload but not used within a few seconds from the window's load event. Please make sure it has an appropriate `as` value and it is preloaded intentionally. @ http://localhost:3000/apparel/quarter-zip-training-top:0
[ 3669893ms] [WARNING] The resource http://localhost:3000/_next/static/css/app/apparel/%5Bslug%5D/page.css?1780558042343 was preloaded using link preload but not used within a few seconds from the window's load event. Please make sure it has an appropriate `as` value and it is preloaded intentionally. @ http://localhost:3000/apparel/quarter-zip-training-top:0
[ 3785488ms] [LOG] [Fast Refresh] rebuilding @ webpack-internal:///(app-pages-browser)/./node_modules/next/dist/client/components/react-dev-overlay/app/hot-reloader-client.js:186
[ 3785640ms] [LOG] [Fast Refresh] done in 152ms @ webpack-internal:///(app-pages-browser)/./node_modules/next/dist/client/components/react-dev-overlay/app/hot-reloader-client.js:43
[ 3789261ms] [WARNING] The resource http://localhost:3000/_next/static/css/app/layout.css?1780558042343 was preloaded using link preload but not used within a few seconds from the window's load event. Please make sure it has an appropriate `as` value and it is preloaded intentionally. @ http://localhost:3000/apparel/quarter-zip-training-top:0
[ 3789262ms] [WARNING] The resource http://localhost:3000/_next/static/css/app/layout.css?1780557928801 was preloaded using link preload but not used within a few seconds from the window's load event. Please make sure it has an appropriate `as` value and it is preloaded intentionally. @ http://localhost:3000/apparel/quarter-zip-training-top:0
[ 3789262ms] [WARNING] The resource http://localhost:3000/_next/static/css/app/layout.css?v=1780558109118 was preloaded using link preload but not used within a few seconds from the window's load event. Please make sure it has an appropriate `as` value and it is preloaded intentionally. @ http://localhost:3000/apparel/quarter-zip-training-top:0
[ 3789262ms] [WARNING] The resource http://localhost:3000/_next/static/css/app/apparel/%5Bslug%5D/page.css?1780557928801 was preloaded using link preload but not used within a few seconds from the window's load event. Please make sure it has an appropriate `as` value and it is preloaded intentionally. @ http://localhost:3000/apparel/quarter-zip-training-top:0
[ 3789262ms] [WARNING] The resource http://localhost:3000/_next/static/css/app/layout.css?v=1780556404364 was preloaded using link preload but not used within a few seconds from the window's load event. Please make sure it has an appropriate `as` value and it is preloaded intentionally. @ http://localhost:3000/apparel/quarter-zip-training-top:0
[ 3789262ms] [WARNING] The resource http://localhost:3000/_next/static/css/app/apparel/%5Bslug%5D/page.css?1780558042343 was preloaded using link preload but not used within a few seconds from the window's load event. Please make sure it has an appropriate `as` value and it is preloaded intentionally. @ http://localhost:3000/apparel/quarter-zip-training-top:0
[ 3794377ms] [LOG] [Fast Refresh] rebuilding @ webpack-internal:///(app-pages-browser)/./node_modules/next/dist/client/components/react-dev-overlay/app/hot-reloader-client.js:186
[ 3794475ms] [LOG] [Fast Refresh] done in 99ms @ webpack-internal:///(app-pages-browser)/./node_modules/next/dist/client/components/react-dev-overlay/app/hot-reloader-client.js:43
[ 3797700ms] [WARNING] The resource http://localhost:3000/_next/static/css/app/layout.css?1780558042343 was preloaded using link preload but not used within a few seconds from the window's load event. Please make sure it has an appropriate `as` value and it is preloaded intentionally. @ http://localhost:3000/apparel/quarter-zip-training-top:0
[ 3797700ms] [WARNING] The resource http://localhost:3000/_next/static/css/app/layout.css?1780557928801 was preloaded using link preload but not used within a few seconds from the window's load event. Please make sure it has an appropriate `as` value and it is preloaded intentionally. @ http://localhost:3000/apparel/quarter-zip-training-top:0
[ 3797700ms] [WARNING] The resource http://localhost:3000/_next/static/css/app/layout.css?v=1780558109118 was preloaded using link preload but not used within a few seconds from the window's load event. Please make sure it has an appropriate `as` value and it is preloaded intentionally. @ http://localhost:3000/apparel/quarter-zip-training-top:0
[ 3797700ms] [WARNING] The resource http://localhost:3000/_next/static/css/app/apparel/%5Bslug%5D/page.css?1780557928801 was preloaded using link preload but not used within a few seconds from the window's load event. Please make sure it has an appropriate `as` value and it is preloaded intentionally. @ http://localhost:3000/apparel/quarter-zip-training-top:0
[ 3797700ms] [WARNING] The resource http://localhost:3000/_next/static/css/app/layout.css?v=1780556404364 was preloaded using link preload but not used within a few seconds from the window's load event. Please make sure it has an appropriate `as` value and it is preloaded intentionally. @ http://localhost:3000/apparel/quarter-zip-training-top:0
[ 3797700ms] [WARNING] The resource http://localhost:3000/_next/static/css/app/apparel/%5Bslug%5D/page.css?1780558042343 was preloaded using link preload but not used within a few seconds from the window's load event. Please make sure it has an appropriate `as` value and it is preloaded intentionally. @ http://localhost:3000/apparel/quarter-zip-training-top:0
[ 3876390ms] [INFO] %cDownload the React DevTools for a better development experience: https://reactjs.org/link/react-devtools font-weight:bold @ webpack-internal:///(app-pages-browser)/./node_modules/next/dist/compiled/react-dom/cjs/react-dom.development.js:38559
[ 3886797ms] [LOG] [Fast Refresh] rebuilding @ webpack-internal:///(app-pages-browser)/./node_modules/next/dist/client/components/react-dev-overlay/app/hot-reloader-client.js:186
[ 3887093ms] [LOG] [Fast Refresh] done in 295ms @ webpack-internal:///(app-pages-browser)/./node_modules/next/dist/client/components/react-dev-overlay/app/hot-reloader-client.js:43
[ 3897536ms] [LOG] [Fast Refresh] rebuilding @ webpack-internal:///(app-pages-browser)/./node_modules/next/dist/client/components/react-dev-overlay/app/hot-reloader-client.js:186
[ 3897658ms] [LOG] [Fast Refresh] done in 122ms @ webpack-internal:///(app-pages-browser)/./node_modules/next/dist/client/components/react-dev-overlay/app/hot-reloader-client.js:43
[ 3901681ms] [LOG] [Fast Refresh] rebuilding @ webpack-internal:///(app-pages-browser)/./node_modules/next/dist/client/components/react-dev-overlay/app/hot-reloader-client.js:186
[ 3901828ms] [LOG] [Fast Refresh] done in 147ms @ webpack-internal:///(app-pages-browser)/./node_modules/next/dist/client/components/react-dev-overlay/app/hot-reloader-client.js:43
[ 3908754ms] [LOG] [Fast Refresh] rebuilding @ webpack-internal:///(app-pages-browser)/./node_modules/next/dist/client/components/react-dev-overlay/app/hot-reloader-client.js:186
[ 3908935ms] [LOG] [Fast Refresh] done in 181ms @ webpack-internal:///(app-pages-browser)/./node_modules/next/dist/client/components/react-dev-overlay/app/hot-reloader-client.js:43
[ 3908984ms] [LOG] [HMR] Detected local css modules. Reload all css @ webpack-internal:///(app-pages-browser)/./node_modules/next/dist/compiled/mini-css-extract-plugin/hmr/hotModuleReplacement.js:1
[ 3912016ms] [WARNING] The resource http://localhost:3000/_next/static/css/app/layout.css?v=1780558842690 was preloaded using link preload but not used within a few seconds from the window's load event. Please make sure it has an appropriate `as` value and it is preloaded intentionally. @ http://localhost:3000/review:0
[ 3912016ms] [WARNING] The resource http://localhost:3000/_next/static/css/app/review/page.css?v=1780558842690 was preloaded using link preload but not used within a few seconds from the window's load event. Please make sure it has an appropriate `as` value and it is preloaded intentionally. @ http://localhost:3000/review:0
[ 3984270ms] [LOG] [Fast Refresh] rebuilding @ webpack-internal:///(app-pages-browser)/./node_modules/next/dist/client/components/react-dev-overlay/app/hot-reloader-client.js:186
[ 3984609ms] [LOG] [Fast Refresh] done in 339ms @ webpack-internal:///(app-pages-browser)/./node_modules/next/dist/client/components/react-dev-overlay/app/hot-reloader-client.js:43
[ 3984660ms] [LOG] [HMR] Detected local css modules. Reload all css @ webpack-internal:///(app-pages-browser)/./node_modules/next/dist/compiled/mini-css-extract-plugin/hmr/hotModuleReplacement.js:1
[ 3987710ms] [WARNING] The resource http://localhost:3000/_next/static/css/app/layout.css?v=1780558842690 was preloaded using link preload but not used within a few seconds from the window's load event. Please make sure it has an appropriate `as` value and it is preloaded intentionally. @ http://localhost:3000/review:0
[ 3987710ms] [WARNING] The resource http://localhost:3000/_next/static/css/app/review/page.css?v=1780558842690 was preloaded using link preload but not used within a few seconds from the window's load event. Please make sure it has an appropriate `as` value and it is preloaded intentionally. @ http://localhost:3000/review:0
[ 3991679ms] [INFO] %cDownload the React DevTools for a better development experience: https://reactjs.org/link/react-devtools font-weight:bold @ webpack-internal:///(app-pages-browser)/./node_modules/next/dist/compiled/react-dom/cjs/react-dom.development.js:38559
[ 4058502ms] [LOG] [Fast Refresh] rebuilding @ webpack-internal:///(app-pages-browser)/./node_modules/next/dist/client/components/react-dev-overlay/app/hot-reloader-client.js:186
[ 4058713ms] [LOG] [Fast Refresh] done in 211ms @ webpack-internal:///(app-pages-browser)/./node_modules/next/dist/client/components/react-dev-overlay/app/hot-reloader-client.js:43
[ 4058766ms] [LOG] [HMR] Detected local css modules. Reload all css @ webpack-internal:///(app-pages-browser)/./node_modules/next/dist/compiled/mini-css-extract-plugin/hmr/hotModuleReplacement.js:1
[ 4075079ms] [INFO] %cDownload the React DevTools for a better development experience: https://reactjs.org/link/react-devtools font-weight:bold @ webpack-internal:///(app-pages-browser)/./node_modules/next/dist/compiled/react-dom/cjs/react-dom.development.js:38559
[ 4704819ms] [LOG] [Fast Refresh] rebuilding @ webpack-internal:///(app-pages-browser)/./node_modules/next/dist/client/components/react-dev-overlay/app/hot-reloader-client.js:186
[ 4705294ms] [LOG] [Fast Refresh] done in 474ms @ webpack-internal:///(app-pages-browser)/./node_modules/next/dist/client/components/react-dev-overlay/app/hot-reloader-client.js:43
[ 4710691ms] [LOG] [Fast Refresh] rebuilding @ webpack-internal:///(app-pages-browser)/./node_modules/next/dist/client/components/react-dev-overlay/app/hot-reloader-client.js:186
[ 4710909ms] [LOG] [Fast Refresh] done in 218ms @ webpack-internal:///(app-pages-browser)/./node_modules/next/dist/client/components/react-dev-overlay/app/hot-reloader-client.js:43
[ 4715209ms] [LOG] [Fast Refresh] rebuilding @ webpack-internal:///(app-pages-browser)/./node_modules/next/dist/client/components/react-dev-overlay/app/hot-reloader-client.js:186
[ 4715333ms] [LOG] [Fast Refresh] done in 124ms @ webpack-internal:///(app-pages-browser)/./node_modules/next/dist/client/components/react-dev-overlay/app/hot-reloader-client.js:43
[ 4729499ms] [LOG] [Fast Refresh] rebuilding @ webpack-internal:///(app-pages-browser)/./node_modules/next/dist/client/components/react-dev-overlay/app/hot-reloader-client.js:186
[ 4729597ms] [LOG] [Fast Refresh] done in 98ms @ webpack-internal:///(app-pages-browser)/./node_modules/next/dist/client/components/react-dev-overlay/app/hot-reloader-client.js:43
[ 4734364ms] [LOG] [Fast Refresh] rebuilding @ webpack-internal:///(app-pages-browser)/./node_modules/next/dist/client/components/react-dev-overlay/app/hot-reloader-client.js:186
[ 4734480ms] [LOG] [Fast Refresh] done in 116ms @ webpack-internal:///(app-pages-browser)/./node_modules/next/dist/client/components/react-dev-overlay/app/hot-reloader-client.js:43
[ 4738992ms] [LOG] [Fast Refresh] rebuilding @ webpack-internal:///(app-pages-browser)/./node_modules/next/dist/client/components/react-dev-overlay/app/hot-reloader-client.js:186
[ 4739184ms] [LOG] [Fast Refresh] done in 191ms @ webpack-internal:///(app-pages-browser)/./node_modules/next/dist/client/components/react-dev-overlay/app/hot-reloader-client.js:43
